<?xml version="1.0" encoding="UTF-8"?>
<!-- Generated by org.testng.reporters.JUnitXMLReporter -->
<testsuite ignored="0" hostname="LTIN185426" failures="0" tests="16" name="Default test" time="0.126" errors="0" timestamp="2024-02-22T14:11:47 IST">
  <testcase classname="testBase.BaseClass" name="@BeforeTest driverSetup" time="-1.708591307647E9">
    <failure type="org.testng.TestNGException" message="
Parameter &amp;apos;browser&amp;apos; is required by BeforeTest on method driverSetup but has not been marked @Optional or defined
in C:\Users\2304092\AppData\Local\Temp\2\testng-eclipse--996056276\testng-customsuite.xml">
      <![CDATA[org.testng.TestNGException: 
Parameter 'browser' is required by BeforeTest on method driverSetup but has not been marked @Optional or defined
in C:\Users\2304092\AppData\Local\Temp\2\testng-eclipse--996056276\testng-customsuite.xml
at org.testng.internal.Parameters.createParams(Parameters.java:270)
at org.testng.internal.Parameters.createParametersForMethod(Parameters.java:358)
at org.testng.internal.Parameters.createParameters(Parameters.java:700)
at org.testng.internal.Parameters.createConfigurationParameters(Parameters.java:168)
at org.testng.internal.ConfigInvoker.invokeConfigurations(ConfigInvoker.java:302)
at org.testng.TestRunner.invokeTestConfigurations(TestRunner.java:637)
at org.testng.TestRunner.beforeRun(TestRunner.java:627)
at org.testng.TestRunner.run(TestRunner.java:589)
at org.testng.SuiteRunner.runTest(SuiteRunner.java:377)
at org.testng.SuiteRunner.runSequentially(SuiteRunner.java:371)
at org.testng.SuiteRunner.privateRun(SuiteRunner.java:332)
at org.testng.SuiteRunner.run(SuiteRunner.java:276)
at org.testng.SuiteRunnerWorker.runSuite(SuiteRunnerWorker.java:53)
at org.testng.SuiteRunnerWorker.run(SuiteRunnerWorker.java:96)
at org.testng.TestNG.runSuitesSequentially(TestNG.java:1212)
at org.testng.TestNG.runSuitesLocally(TestNG.java:1134)
at org.testng.TestNG.runSuites(TestNG.java:1063)
at org.testng.TestNG.run(TestNG.java:1031)
at org.testng.remote.AbstractRemoteTestNG.run(AbstractRemoteTestNG.java:115)
at org.testng.remote.RemoteTestNG.initAndRun(RemoteTestNG.java:251)
at org.testng.remote.RemoteTestNG.main(RemoteTestNG.java:77)
]]>
    </failure>
  </testcase> <!-- @BeforeTest driverSetup -->
  <testcase classname="testBase.BaseClass" name="@AfterTest tearDown" time="-1.70859130776E9">
    <skipped/>
  </testcase> <!-- @AfterTest tearDown -->
  <testcase classname="testCases.TC_0004_GiftCards" name="scrollPage" time="0.0">
    <skipped/>
  </testcase> <!-- scrollPage -->
  <testcase classname="testCases.TC_0004_GiftCards" name="clickGiftCardsButton" time="0.0">
    <skipped/>
  </testcase> <!-- clickGiftCardsButton -->
  <testcase classname="testCases.TC_0004_GiftCards" name="scrollDownToGiftsOptions" time="0.0">
    <skipped/>
  </testcase> <!-- scrollDownToGiftsOptions -->
  <testcase classname="testCases.TC_0004_GiftCards" name="selectBirthdayOrAnniversary" time="0.0">
    <skipped/>
  </testcase> <!-- selectBirthdayOrAnniversary -->
  <testcase classname="testCases.TC_0004_GiftCards" name="enteringPriceAmount" time="0.0">
    <skipped/>
  </testcase> <!-- enteringPriceAmount -->
  <testcase classname="testCases.TC_0004_GiftCards" name="clickOnNextbtn" time="0.0">
    <skipped/>
  </testcase> <!-- clickOnNextbtn -->
  <testcase classname="testCases.TC_0004_GiftCards" name="enterNameofRecipient" time="0.0">
    <skipped/>
  </testcase> <!-- enterNameofRecipient -->
  <testcase classname="testCases.TC_0004_GiftCards" name="enterEmailofRecipient" time="0.0">
    <skipped/>
  </testcase> <!-- enterEmailofRecipient -->
  <testcase classname="testCases.TC_0004_GiftCards" name="enterMobileofRecipient" time="0.0">
    <skipped/>
  </testcase> <!-- enterMobileofRecipient -->
  <testcase classname="testCases.TC_0004_GiftCards" name="enterNameofCustomer" time="0.0">
    <skipped/>
  </testcase> <!-- enterNameofCustomer -->
  <testcase classname="testCases.TC_0004_GiftCards" name="enterEmailofCustomer" time="0.0">
    <skipped/>
  </testcase> <!-- enterEmailofCustomer -->
  <testcase classname="testCases.TC_0004_GiftCards" name="enterMobileNumberofCustomer" time="0.0">
    <skipped/>
  </testcase> <!-- enterMobileNumberofCustomer -->
  <testcase classname="testCases.TC_0004_GiftCards" name="enterAddressofCustomer" time="0.0">
    <skipped/>
  </testcase> <!-- enterAddressofCustomer -->
  <testcase classname="testCases.TC_0004_GiftCards" name="enterPinofCustomerPin" time="0.0">
    <skipped/>
  </testcase> <!-- enterPinofCustomerPin -->
  <testcase classname="testCases.TC_0004_GiftCards" name="enterMessageIfAny" time="0.0">
    <skipped/>
  </testcase> <!-- enterMessageIfAny -->
  <testcase classname="testCases.TC_0004_GiftCards" name="clickOnConfirmbtn" time="0.0">
    <skipped/>
  </testcase> <!-- clickOnConfirmbtn -->
</testsuite> <!-- Default test -->
