<?xml version="1.0" encoding="UTF-8"?>
<!-- Generated by org.testng.reporters.JUnitReportReporter -->
<testsuite hostname="LTIN185426" failures="0" tests="14" name="testCases.DisplayBookshelves" time="77.740" errors="1" timestamp="2024-02-20T22:54:25 IST" skipped="0">
  <testcase classname="testCases.DisplayBookshelves" name="sendInSearch" time="0.321"/>
  <system-out/>
  <testcase classname="testCases.DisplayBookshelves" name="clicksearch" time="2.365"/>
  <system-out/>
  <testcase classname="testCases.DisplayBookshelves" name="closePopUp" time="2.320"/>
  <system-out/>
  <testcase classname="testCases.DisplayBookshelves" name="scrollDown" time="0.089"/>
  <system-out/>
  <testcase classname="testCases.DisplayBookshelves" name="hoverCategory" time="0.503"/>
  <system-out/>
  <testcase classname="testCases.DisplayBookshelves" name="bookshelveCategory" time="0.173"/>
  <system-out/>
  <testcase classname="testCases.DisplayBookshelves" name="hoverToPrice" time="0.244"/>
  <system-out/>
  <testcase classname="testCases.DisplayBookshelves" name="waitPriceSlider" time="0.648"/>
  <system-out/>
  <testcase classname="testCases.DisplayBookshelves" name="slidePriceamount" time="13.675"/>
  <system-out/>
  <testcase classname="testCases.DisplayBookshelves" name="hoverSortBy" time="0.185"/>
  <system-out/>
  <testcase classname="testCases.DisplayBookshelves" name="sortAccToPrice" time="0.112"/>
  <system-out/>
  <testcase classname="testCases.DisplayBookshelves" name="inStock" time="0.131"/>
  <system-out/>
  <testcase classname="testCases.DisplayBookshelves" name="collectingBookShelvesList" time="56.972">
    <error message="Index 30 out of bounds for length 30" type="java.lang.ArrayIndexOutOfBoundsException">
      <![CDATA[java.lang.ArrayIndexOutOfBoundsException: Index 30 out of bounds for length 30
at testCases.DisplayBookshelves.collectingBookShelvesList(DisplayBookshelves.java:95)
at java.base/jdk.internal.reflect.DirectMethodHandleAccessor.invoke(DirectMethodHandleAccessor.java:103)
at java.base/java.lang.reflect.Method.invoke(Method.java:580)
at org.testng.internal.MethodInvocationHelper.invokeMethod(MethodInvocationHelper.java:133)
at org.testng.internal.TestInvoker.invokeMethod(TestInvoker.java:598)
at org.testng.internal.TestInvoker.invokeTestMethod(TestInvoker.java:173)
at org.testng.internal.MethodRunner.runInSequence(MethodRunner.java:46)
at org.testng.internal.TestInvoker$MethodInvocationAgent.invoke(TestInvoker.java:824)
at org.testng.internal.TestInvoker.invokeTestMethods(TestInvoker.java:146)
at org.testng.internal.TestMethodWorker.invokeTestMethods(TestMethodWorker.java:146)
at org.testng.internal.TestMethodWorker.run(TestMethodWorker.java:128)
at java.base/java.util.ArrayList.forEach(ArrayList.java:1596)
at org.testng.TestRunner.privateRun(TestRunner.java:794)
at org.testng.TestRunner.run(TestRunner.java:596)
at org.testng.SuiteRunner.runTest(SuiteRunner.java:377)
at org.testng.SuiteRunner.runSequentially(SuiteRunner.java:371)
at org.testng.SuiteRunner.privateRun(SuiteRunner.java:332)
at org.testng.SuiteRunner.run(SuiteRunner.java:276)
at org.testng.SuiteRunnerWorker.runSuite(SuiteRunnerWorker.java:53)
at org.testng.SuiteRunnerWorker.run(SuiteRunnerWorker.java:96)
at org.testng.TestNG.runSuitesSequentially(TestNG.java:1212)
at org.testng.TestNG.runSuitesLocally(TestNG.java:1134)
at org.testng.TestNG.runSuites(TestNG.java:1063)
at org.testng.TestNG.run(TestNG.java:1031)
at org.testng.remote.AbstractRemoteTestNG.run(AbstractRemoteTestNG.java:115)
at org.testng.remote.RemoteTestNG.initAndRun(RemoteTestNG.java:251)
at org.testng.remote.RemoteTestNG.main(RemoteTestNG.java:77)
]]>
    </error>
  </testcase> <!-- collectingBookShelvesList -->
  <system-out/>
  <testcase classname="testCases.DisplayBookshelves" name="displayingBookShelves" time="0.002"/>
  <system-out/>
</testsuite> <!-- testCases.DisplayBookshelves -->
